running egg_info
creating build/lab1_package_py/lab1_package_py.egg-info
writing build/lab1_package_py/lab1_package_py.egg-info/PKG-INFO
writing dependency_links to build/lab1_package_py/lab1_package_py.egg-info/dependency_links.txt
writing entry points to build/lab1_package_py/lab1_package_py.egg-info/entry_points.txt
writing requirements to build/lab1_package_py/lab1_package_py.egg-info/requires.txt
writing top-level names to build/lab1_package_py/lab1_package_py.egg-info/top_level.txt
writing manifest file 'build/lab1_package_py/lab1_package_py.egg-info/SOURCES.txt'
reading manifest file 'build/lab1_package_py/lab1_package_py.egg-info/SOURCES.txt'
writing manifest file 'build/lab1_package_py/lab1_package_py.egg-info/SOURCES.txt'
running build
running build_py
creating /lab1_ws/src/lab1_package_py/build/lab1_package_py/build
creating /lab1_ws/src/lab1_package_py/build/lab1_package_py/build/lib
creating /lab1_ws/src/lab1_package_py/build/lab1_package_py/build/lib/lab1_package_py
copying lab1_package_py/__init__.py -> /lab1_ws/src/lab1_package_py/build/lab1_package_py/build/lib/lab1_package_py
running install
running install_lib
creating /lab1_ws/src/lab1_package_py/install/lab1_package_py/lib/python3.8/site-packages/lab1_package_py
copying /lab1_ws/src/lab1_package_py/build/lab1_package_py/build/lib/lab1_package_py/__init__.py -> /lab1_ws/src/lab1_package_py/install/lab1_package_py/lib/python3.8/site-packages/lab1_package_py
byte-compiling /lab1_ws/src/lab1_package_py/install/lab1_package_py/lib/python3.8/site-packages/lab1_package_py/__init__.py to __init__.cpython-38.pyc
running install_data
creating /lab1_ws/src/lab1_package_py/install/lab1_package_py/share/ament_index
creating /lab1_ws/src/lab1_package_py/install/lab1_package_py/share/ament_index/resource_index
creating /lab1_ws/src/lab1_package_py/install/lab1_package_py/share/ament_index/resource_index/packages
copying resource/lab1_package_py -> /lab1_ws/src/lab1_package_py/install/lab1_package_py/share/ament_index/resource_index/packages
copying package.xml -> /lab1_ws/src/lab1_package_py/install/lab1_package_py/share/lab1_package_py
running install_egg_info
Copying build/lab1_package_py/lab1_package_py.egg-info to /lab1_ws/src/lab1_package_py/install/lab1_package_py/lib/python3.8/site-packages/lab1_package_py-0.0.0-py3.8.egg-info
running install_scripts
Installing talker script to /lab1_ws/src/lab1_package_py/install/lab1_package_py/lib/lab1_package_py
writing list of installed files to '/lab1_ws/src/lab1_package_py/build/lab1_package_py/install.log'
