[0.282s] Invoking command in '/lab1_ws/src/lab1_package_py': PYTHONPATH=/lab1_ws/src/lab1_package_py/build/lab1_package_py/prefix_override:/lab1_ws/src/lab1_package_py/install/lab1_package_py/lib/python3.8/site-packages:${PYTHONPATH} /usr/bin/python3 setup.py egg_info --egg-base build/lab1_package_py build --build-base /lab1_ws/src/lab1_package_py/build/lab1_package_py/build install --record /lab1_ws/src/lab1_package_py/build/lab1_package_py/install.log --install-scripts $base/lib/lab1_package_py --single-version-externally-managed
[0.372s] running egg_info
[0.376s] creating build/lab1_package_py/lab1_package_py.egg-info
[0.380s] writing build/lab1_package_py/lab1_package_py.egg-info/PKG-INFO
[0.385s] writing dependency_links to build/lab1_package_py/lab1_package_py.egg-info/dependency_links.txt
[0.393s] writing entry points to build/lab1_package_py/lab1_package_py.egg-info/entry_points.txt
[0.402s] writing requirements to build/lab1_package_py/lab1_package_py.egg-info/requires.txt
[0.405s] writing top-level names to build/lab1_package_py/lab1_package_py.egg-info/top_level.txt
[0.427s] writing manifest file 'build/lab1_package_py/lab1_package_py.egg-info/SOURCES.txt'
[0.449s] reading manifest file 'build/lab1_package_py/lab1_package_py.egg-info/SOURCES.txt'
[0.451s] writing manifest file 'build/lab1_package_py/lab1_package_py.egg-info/SOURCES.txt'
[0.451s] running build
[0.452s] running build_py
[0.452s] creating /lab1_ws/src/lab1_package_py/build/lab1_package_py/build
[0.453s] creating /lab1_ws/src/lab1_package_py/build/lab1_package_py/build/lib
[0.453s] creating /lab1_ws/src/lab1_package_py/build/lab1_package_py/build/lib/lab1_package_py
[0.453s] copying lab1_package_py/__init__.py -> /lab1_ws/src/lab1_package_py/build/lab1_package_py/build/lib/lab1_package_py
[0.454s] running install
[0.455s] running install_lib
[0.456s] creating /lab1_ws/src/lab1_package_py/install/lab1_package_py/lib/python3.8/site-packages/lab1_package_py
[0.456s] copying /lab1_ws/src/lab1_package_py/build/lab1_package_py/build/lib/lab1_package_py/__init__.py -> /lab1_ws/src/lab1_package_py/install/lab1_package_py/lib/python3.8/site-packages/lab1_package_py
[0.457s] byte-compiling /lab1_ws/src/lab1_package_py/install/lab1_package_py/lib/python3.8/site-packages/lab1_package_py/__init__.py to __init__.cpython-38.pyc
[0.459s] running install_data
[0.460s] creating /lab1_ws/src/lab1_package_py/install/lab1_package_py/share/ament_index
[0.460s] creating /lab1_ws/src/lab1_package_py/install/lab1_package_py/share/ament_index/resource_index
[0.462s] creating /lab1_ws/src/lab1_package_py/install/lab1_package_py/share/ament_index/resource_index/packages
[0.463s] copying resource/lab1_package_py -> /lab1_ws/src/lab1_package_py/install/lab1_package_py/share/ament_index/resource_index/packages
[0.463s] copying package.xml -> /lab1_ws/src/lab1_package_py/install/lab1_package_py/share/lab1_package_py
[0.465s] running install_egg_info
[0.466s] Copying build/lab1_package_py/lab1_package_py.egg-info to /lab1_ws/src/lab1_package_py/install/lab1_package_py/lib/python3.8/site-packages/lab1_package_py-0.0.0-py3.8.egg-info
[0.477s] running install_scripts
[0.486s] Installing talker script to /lab1_ws/src/lab1_package_py/install/lab1_package_py/lib/lab1_package_py
[0.487s] writing list of installed files to '/lab1_ws/src/lab1_package_py/build/lab1_package_py/install.log'
[0.499s] Invoked command in '/lab1_ws/src/lab1_package_py' returned '0': PYTHONPATH=/lab1_ws/src/lab1_package_py/build/lab1_package_py/prefix_override:/lab1_ws/src/lab1_package_py/install/lab1_package_py/lib/python3.8/site-packages:${PYTHONPATH} /usr/bin/python3 setup.py egg_info --egg-base build/lab1_package_py build --build-base /lab1_ws/src/lab1_package_py/build/lab1_package_py/build install --record /lab1_ws/src/lab1_package_py/build/lab1_package_py/install.log --install-scripts $base/lib/lab1_package_py --single-version-externally-managed
